<?xml version="1.0" encoding="UTF-8"?>
<!-- Generated by org.testng.reporters.JUnitReportReporter -->
<testsuite skipped="0" hostname="botifai" name="script.GetLowsetIPhonePrice" tests="1" failures="0" timestamp="22 Mar 2020 18:54:03 GMT" time="21.287" errors="0">
  <testcase name="iphone" time="21.287" classname="script.GetLowsetIPhonePrice"/>
</testsuite> <!-- script.GetLowsetIPhonePrice -->
